<?xml version="1.0" encoding="UTF-8"?>
<!-- Generated by org.testng.reporters.JUnitXMLReporter -->
<testsuite ignored="0" hostname="LAPTOP-POCHI3TQ" failures="0" tests="4" name="Default test" time="12.732" errors="0" timestamp="2023-12-04T12:27:25 IST">
  <testcase classname="api.tests.UserTests2" name="testPostUser" time="3.442"/>
  <testcase classname="api.tests.UserTests2" name="testGetUserByName" time="2.241"/>
  <testcase classname="api.tests.UserTests2" name="testUpdateUserByName" time="4.485"/>
  <testcase classname="api.tests.UserTests2" name="testGetDeleteUserByName" time="1.733"/>
</testsuite> <!-- Default test -->
