<?xml version="1.0" encoding="UTF-8"?>
<testng-results ignored="0" total="10" passed="10" failed="0" skipped="0">
  <reporter-output>
  </reporter-output>
  <suite started-at="2023-12-04T10:31:46 IST" name="PetSuite" finished-at="2023-12-04T10:32:09 IST" duration-ms="23144">
    <groups>
    </groups>
    <test started-at="2023-12-04T10:31:46 IST" name="PetTest" finished-at="2023-12-04T10:32:09 IST" duration-ms="23144">
      <class name="api.tests.DataDrivenTest">
        <test-method signature="testPostUser(java.lang.String,java.lang.String,java.lang.String,java.lang.String,java.lang.String,java.lang.String,java.lang.String)[pri:1, instance:api.tests.DataDrivenTest@957e06]" started-at="2023-12-04T10:32:00 IST" name="testPostUser" data-provider="Data" finished-at="2023-12-04T10:32:02 IST" duration-ms="1583" status="PASS">
          <params>
            <param index="0">
              <value>
                <![CDATA[1010]]>
              </value>
            </param>
            <param index="1">
              <value>
                <![CDATA[testuser1]]>
              </value>
            </param>
            <param index="2">
              <value>
                <![CDATA[John]]>
              </value>
            </param>
            <param index="3">
              <value>
                <![CDATA[Canedy]]>
              </value>
            </param>
            <param index="4">
              <value>
                <![CDATA[a@gmail.com]]>
              </value>
            </param>
            <param index="5">
              <value>
                <![CDATA[test@1]]>
              </value>
            </param>
            <param index="6">
              <value>
                <![CDATA[1234567897]]>
              </value>
            </param>
          </params>
          <reporter-output>
          </reporter-output>
        </test-method> <!-- testPostUser -->
        <test-method signature="testPostUser(java.lang.String,java.lang.String,java.lang.String,java.lang.String,java.lang.String,java.lang.String,java.lang.String)[pri:1, instance:api.tests.DataDrivenTest@957e06]" started-at="2023-12-04T10:32:02 IST" name="testPostUser" data-provider="Data" finished-at="2023-12-04T10:32:03 IST" duration-ms="1405" status="PASS">
          <params>
            <param index="0">
              <value>
                <![CDATA[1020]]>
              </value>
            </param>
            <param index="1">
              <value>
                <![CDATA[testuser2]]>
              </value>
            </param>
            <param index="2">
              <value>
                <![CDATA[Kim]]>
              </value>
            </param>
            <param index="3">
              <value>
                <![CDATA[Kom]]>
              </value>
            </param>
            <param index="4">
              <value>
                <![CDATA[b@gmail.com]]>
              </value>
            </param>
            <param index="5">
              <value>
                <![CDATA[test@2]]>
              </value>
            </param>
            <param index="6">
              <value>
                <![CDATA[1234567897]]>
              </value>
            </param>
          </params>
          <reporter-output>
          </reporter-output>
        </test-method> <!-- testPostUser -->
        <test-method signature="testPostUser(java.lang.String,java.lang.String,java.lang.String,java.lang.String,java.lang.String,java.lang.String,java.lang.String)[pri:1, instance:api.tests.DataDrivenTest@957e06]" started-at="2023-12-04T10:32:03 IST" name="testPostUser" data-provider="Data" finished-at="2023-12-04T10:32:05 IST" duration-ms="1514" status="PASS">
          <params>
            <param index="0">
              <value>
                <![CDATA[1030]]>
              </value>
            </param>
            <param index="1">
              <value>
                <![CDATA[testuser3]]>
              </value>
            </param>
            <param index="2">
              <value>
                <![CDATA[Smith]]>
              </value>
            </param>
            <param index="3">
              <value>
                <![CDATA[Steve]]>
              </value>
            </param>
            <param index="4">
              <value>
                <![CDATA[c@gmail.com]]>
              </value>
            </param>
            <param index="5">
              <value>
                <![CDATA[test@3]]>
              </value>
            </param>
            <param index="6">
              <value>
                <![CDATA[1234567897]]>
              </value>
            </param>
          </params>
          <reporter-output>
          </reporter-output>
        </test-method> <!-- testPostUser -->
        <test-method signature="testGetDeleteUserByName(java.lang.String)[pri:2, instance:api.tests.DataDrivenTest@957e06]" started-at="2023-12-04T10:32:05 IST" name="testGetDeleteUserByName" data-provider="UserNames" finished-at="2023-12-04T10:32:06 IST" duration-ms="1609" status="PASS">
          <params>
            <param index="0">
              <value>
                <![CDATA[testuser1]]>
              </value>
            </param>
          </params>
          <reporter-output>
          </reporter-output>
        </test-method> <!-- testGetDeleteUserByName -->
        <test-method signature="testGetDeleteUserByName(java.lang.String)[pri:2, instance:api.tests.DataDrivenTest@957e06]" started-at="2023-12-04T10:32:06 IST" name="testGetDeleteUserByName" data-provider="UserNames" finished-at="2023-12-04T10:32:08 IST" duration-ms="1486" status="PASS">
          <params>
            <param index="0">
              <value>
                <![CDATA[testuser2]]>
              </value>
            </param>
          </params>
          <reporter-output>
          </reporter-output>
        </test-method> <!-- testGetDeleteUserByName -->
        <test-method signature="testGetDeleteUserByName(java.lang.String)[pri:2, instance:api.tests.DataDrivenTest@957e06]" started-at="2023-12-04T10:32:08 IST" name="testGetDeleteUserByName" data-provider="UserNames" finished-at="2023-12-04T10:32:09 IST" duration-ms="1512" status="PASS">
          <params>
            <param index="0">
              <value>
                <![CDATA[testuser3]]>
              </value>
            </param>
          </params>
          <reporter-output>
          </reporter-output>
        </test-method> <!-- testGetDeleteUserByName -->
      </class> <!-- api.tests.DataDrivenTest -->
      <class name="api.tests.UserTests2">
        <test-method is-config="true" signature="setUpData()[pri:0, instance:api.tests.UserTests2@4803b726]" started-at="2023-12-04T10:31:46 IST" name="setUpData" finished-at="2023-12-04T10:31:47 IST" duration-ms="793" status="PASS">
          <reporter-output>
          </reporter-output>
        </test-method> <!-- setUpData -->
        <test-method signature="testPostUser()[pri:1, instance:api.tests.UserTests2@4803b726]" started-at="2023-12-04T10:31:47 IST" name="testPostUser" finished-at="2023-12-04T10:31:52 IST" duration-ms="4402" status="PASS">
          <reporter-output>
          </reporter-output>
        </test-method> <!-- testPostUser -->
        <test-method signature="testGetUserByName()[pri:2, instance:api.tests.UserTests2@4803b726]" started-at="2023-12-04T10:31:52 IST" name="testGetUserByName" finished-at="2023-12-04T10:31:53 IST" duration-ms="1528" status="PASS">
          <reporter-output>
          </reporter-output>
        </test-method> <!-- testGetUserByName -->
        <test-method signature="testUpdateUserByName()[pri:3, instance:api.tests.UserTests2@4803b726]" started-at="2023-12-04T10:31:53 IST" name="testUpdateUserByName" finished-at="2023-12-04T10:31:57 IST" duration-ms="3553" status="PASS">
          <reporter-output>
          </reporter-output>
        </test-method> <!-- testUpdateUserByName -->
        <test-method signature="testGetDeleteUserByName()[pri:4, instance:api.tests.UserTests2@4803b726]" started-at="2023-12-04T10:31:57 IST" name="testGetDeleteUserByName" finished-at="2023-12-04T10:31:58 IST" duration-ms="1627" status="PASS">
          <reporter-output>
          </reporter-output>
        </test-method> <!-- testGetDeleteUserByName -->
      </class> <!-- api.tests.UserTests2 -->
    </test> <!-- PetTest -->
  </suite> <!-- PetSuite -->
</testng-results>
