<?xml version="1.0" encoding="UTF-8"?>
<testsuite xmlns:xsi="http://www.w3.org/2001/XMLSchema-instance" xsi:noNamespaceSchemaLocation="https://maven.apache.org/surefire/maven-surefire-plugin/xsd/surefire-test-report-3.0.xsd" version="3.0" name="TestSuite" time="24.096" tests="10" errors="0" skipped="0" failures="0">
  <properties>
[...]
</properties>
  <testcase name="testPostUser" classname="api.tests.UserTests2" time="4.409">
    <system-out><![CDATA[HTTP/1.1 200 OK
Date: Mon, 04 Dec 2023 05:01:52 GMT
Content-Type: application/json
Transfer-Encoding: chunked
Connection: keep-alive
Access-Control-Allow-Origin: *
Access-Control-Allow-Methods: GET, POST, DELETE, PUT
Access-Control-Allow-Headers: Content-Type, api_key, Authorization
Server: Jetty(9.2.9.v20150224)

{
    "code": 200,
    "type": "unknown",
    "message": "1232373427"
}
]]></system-out>
    <system-err><![CDATA[SLF4J: Failed to load class "org.slf4j.impl.StaticLoggerBinder".
SLF4J: Defaulting to no-operation (NOP) logger implementation
SLF4J: See http://www.slf4j.org/codes.html#StaticLoggerBinder for further details.
]]></system-err>
  </testcase>
  <testcase name="testGetUserByName" classname="api.tests.UserTests2" time="1.544">
    <system-out><![CDATA[HTTP/1.1 200 OK
Date: Mon, 04 Dec 2023 05:01:53 GMT
Content-Type: application/json
Transfer-Encoding: chunked
Connection: keep-alive
Access-Control-Allow-Origin: *
Access-Control-Allow-Methods: GET, POST, DELETE, PUT
Access-Control-Allow-Headers: Content-Type, api_key, Authorization
Server: Jetty(9.2.9.v20150224)

{
    "id": 1232373427,
    "username": "raleigh.koch",
    "firstName": "Yasmin",
    "lastName": "Huel",
    "email": "sun.beer@example.com",
    "password": "hsjf7w7aj",
    "phone": "866.299.4132",
    "userStatus": 0
}
]]></system-out>
  </testcase>
  <testcase name="testUpdateUserByName" classname="api.tests.UserTests2" time="3.544">
    <system-out><![CDATA[HTTP/1.1 200 OK
Date: Mon, 04 Dec 2023 05:01:55 GMT
Content-Type: application/json
Transfer-Encoding: chunked
Connection: keep-alive
Access-Control-Allow-Origin: *
Access-Control-Allow-Methods: GET, POST, DELETE, PUT
Access-Control-Allow-Headers: Content-Type, api_key, Authorization
Server: Jetty(9.2.9.v20150224)

{
    "code": 200,
    "type": "unknown",
    "message": "1232373427"
}
]]></system-out>
  </testcase>
  <testcase name="testGetDeleteUserByName" classname="api.tests.UserTests2" time="1.627"/>
  <testcase name="testPostUser[1010, testuser1, John, Canedy, a@gmail.com, test@1, 1234567897](1)" classname="api.tests.DataDrivenTest" time="1.582"/>
  <testcase name="testPostUser[1020, testuser2, Kim, Kom, b@gmail.com, test@2, 1234567897](2)" classname="api.tests.DataDrivenTest" time="1.407"/>
  <testcase name="testPostUser[1030, testuser3, Smith, Steve, c@gmail.com, test@3, 1234567897](3)" classname="api.tests.DataDrivenTest" time="1.515"/>
  <testcase name="testGetDeleteUserByName[testuser1](1)" classname="api.tests.DataDrivenTest" time="1.612"/>
  <testcase name="testGetDeleteUserByName[testuser2](2)" classname="api.tests.DataDrivenTest" time="1.484"/>
  <testcase name="testGetDeleteUserByName[testuser3](3)" classname="api.tests.DataDrivenTest" time="1.512"/>
</testsuite>