<?xml version="1.0" encoding="UTF-8"?>
<testng-results ignored="0" total="4" passed="4" failed="0" skipped="0">
  <reporter-output>
  </reporter-output>
  <suite started-at="2023-12-04T12:27:13 IST" name="Default suite" finished-at="2023-12-04T12:27:25 IST" duration-ms="12732">
    <groups>
    </groups>
    <test started-at="2023-12-04T12:27:13 IST" name="Default test" finished-at="2023-12-04T12:27:25 IST" duration-ms="12732">
      <class name="api.tests.UserTests2">
        <test-method is-config="true" signature="setUpData()[pri:0, instance:api.tests.UserTests2@51c668e3]" started-at="2023-12-04T12:27:13 IST" name="setUpData" finished-at="2023-12-04T12:27:13 IST" duration-ms="775" status="PASS">
          <reporter-output>
          </reporter-output>
        </test-method> <!-- setUpData -->
        <test-method signature="testPostUser()[pri:1, instance:api.tests.UserTests2@51c668e3]" started-at="2023-12-04T12:27:13 IST" name="testPostUser" finished-at="2023-12-04T12:27:17 IST" duration-ms="3442" status="PASS">
          <reporter-output>
          </reporter-output>
        </test-method> <!-- testPostUser -->
        <test-method signature="testGetUserByName()[pri:2, instance:api.tests.UserTests2@51c668e3]" started-at="2023-12-04T12:27:17 IST" name="testGetUserByName" finished-at="2023-12-04T12:27:19 IST" duration-ms="2241" status="PASS">
          <reporter-output>
          </reporter-output>
        </test-method> <!-- testGetUserByName -->
        <test-method signature="testUpdateUserByName()[pri:3, instance:api.tests.UserTests2@51c668e3]" started-at="2023-12-04T12:27:19 IST" name="testUpdateUserByName" finished-at="2023-12-04T12:27:24 IST" duration-ms="4485" status="PASS">
          <reporter-output>
          </reporter-output>
        </test-method> <!-- testUpdateUserByName -->
        <test-method signature="testGetDeleteUserByName()[pri:4, instance:api.tests.UserTests2@51c668e3]" started-at="2023-12-04T12:27:24 IST" name="testGetDeleteUserByName" finished-at="2023-12-04T12:27:25 IST" duration-ms="1733" status="PASS">
          <reporter-output>
          </reporter-output>
        </test-method> <!-- testGetDeleteUserByName -->
      </class> <!-- api.tests.UserTests2 -->
    </test> <!-- Default test -->
  </suite> <!-- Default suite -->
</testng-results>
