<?xml version="1.0" encoding="UTF-8"?>
<!-- Generated by org.testng.reporters.JUnitXMLReporter -->
<testsuite ignored="0" hostname="LAPTOP-POCHI3TQ" failures="0" tests="10" name="PetTest" time="23.144" errors="0" timestamp="2023-12-04T10:32:10 IST">
  <testcase classname="api.tests.UserTests2" name="testPostUser" time="4.402"/>
  <testcase classname="api.tests.UserTests2" name="testGetUserByName" time="1.528"/>
  <testcase classname="api.tests.UserTests2" name="testUpdateUserByName" time="3.553"/>
  <testcase classname="api.tests.UserTests2" name="testGetDeleteUserByName" time="1.627"/>
  <testcase classname="api.tests.DataDrivenTest" name="testPostUser" time="1.583"/>
  <testcase classname="api.tests.DataDrivenTest" name="testPostUser" time="1.405"/>
  <testcase classname="api.tests.DataDrivenTest" name="testPostUser" time="1.514"/>
  <testcase classname="api.tests.DataDrivenTest" name="testGetDeleteUserByName" time="1.609"/>
  <testcase classname="api.tests.DataDrivenTest" name="testGetDeleteUserByName" time="1.486"/>
  <testcase classname="api.tests.DataDrivenTest" name="testGetDeleteUserByName" time="1.512"/>
</testsuite> <!-- PetTest -->
