<?xml version="1.0" encoding="UTF-8"?>
<!-- Generated by org.testng.reporters.JUnitXMLReporter -->
<testsuite ignored="0" hostname="LAPTOP-POCHI3TQ" failures="0" tests="10" name="PetTest" time="24.068" errors="0" timestamp="2023-12-04T10:13:29 IST">
  <testcase classname="api.tests.UserTests2" name="testPostUser" time="3.804"/>
  <testcase classname="api.tests.UserTests2" name="testGetUserByName" time="1.738"/>
  <testcase classname="api.tests.UserTests2" name="testUpdateUserByName" time="3.485"/>
  <testcase classname="api.tests.UserTests2" name="testGetDeleteUserByName" time="1.739"/>
  <testcase classname="api.tests.DataDrivenTest" name="testPostUser" time="1.913"/>
  <testcase classname="api.tests.DataDrivenTest" name="testPostUser" time="1.616"/>
  <testcase classname="api.tests.DataDrivenTest" name="testPostUser" time="1.749"/>
  <testcase classname="api.tests.DataDrivenTest" name="testGetDeleteUserByName" time="1.644"/>
  <testcase classname="api.tests.DataDrivenTest" name="testGetDeleteUserByName" time="1.845"/>
  <testcase classname="api.tests.DataDrivenTest" name="testGetDeleteUserByName" time="2.328"/>
</testsuite> <!-- PetTest -->
